<?xml version="1.0" encoding="UTF-8"?>
<!-- Generated by org.testng.reporters.JUnitReportReporter -->
<testsuite hostname="LAPTOP-50PS0S7T" name="com.tests.Demo1" tests="1" failures="0" timestamp="4 Oct 2022 06:34:00 GMT" time="0.007" errors="0">
  <testcase name="test01" time="0.007" classname="com.tests.Demo1"/>
</testsuite> <!-- com.tests.Demo1 -->
